<?xml version="1.0" encoding="UTF-8"?>
<!-- Generated by org.testng.reporters.JUnitReportReporter -->
<testsuite hostname="DESKTOP-PS7PC87" failures="0" tests="1" name="testNg.Demo3" time="0.009" errors="0" timestamp="2024-05-27T16:06:25 IST" skipped="0">
  <testcase classname="testNg.Demo3" name="testA" time="0.009"/>
  <system-out>
    <![CDATA[Test3*****
Test3%%%%
Test3$$$$]]>
  </system-out>
</testsuite> <!-- testNg.Demo3 -->
