<?xml version="1.0" encoding="UTF-8"?>
<!-- Generated by org.testng.reporters.JUnitReportReporter -->
<testsuite hostname="DESKTOP-PS7PC87" failures="0" tests="5" name="testNg.Demo5" time="0.069" errors="0" timestamp="2024-05-27T16:26:14 IST" skipped="0">
  <testcase classname="testNg.Demo5" name="test5b" time="0.037"/>
  <system-out>
    <![CDATA[Test5b...]]>
  </system-out>
  <testcase classname="testNg.Demo5" name="test5b" time="0.003"/>
  <system-out>
    <![CDATA[Test5b...]]>
  </system-out>
  <testcase classname="testNg.Demo5" name="test5b" time="0.002"/>
  <system-out>
    <![CDATA[Test5b...]]>
  </system-out>
  <testcase classname="testNg.Demo5" name="test5b" time="0.024"/>
  <system-out>
    <![CDATA[Test5b...]]>
  </system-out>
  <testcase classname="testNg.Demo5" name="test5b" time="0.003"/>
  <system-out>
    <![CDATA[Test5b...]]>
  </system-out>
</testsuite> <!-- testNg.Demo5 -->
