<?xml version="1.0" encoding="UTF-8"?>
<!-- Generated by org.testng.reporters.JUnitReportReporter -->
<testsuite hostname="DESKTOP-PS7PC87" failures="0" tests="1" name="testNg.Demo2" time="0.009" errors="0" timestamp="2024-05-27T16:06:25 IST" skipped="0">
  <testcase classname="testNg.Demo2" name="testA" time="0.009"/>
  <system-out>
    <![CDATA[Test2*****
Test2%%%%
Test2$$$$]]>
  </system-out>
</testsuite> <!-- testNg.Demo2 -->
