<?xml version="1.0" encoding="UTF-8"?>
<!-- Generated by org.testng.reporters.JUnitReportReporter -->
<testsuite hostname="DESKTOP-PS7PC87" failures="0" tests="5" name="testNg.Demo6" time="0.031" errors="0" timestamp="2024-05-27T16:36:11 IST" skipped="0">
  <testcase classname="testNg.Demo6" name="createUser" time="0.018"/>
  <system-out>
    <![CDATA[Create User:Arjun]]>
  </system-out>
  <testcase classname="testNg.Demo6" name="createUser" time="0.003"/>
  <system-out>
    <![CDATA[Create User:Ambika]]>
  </system-out>
  <testcase classname="testNg.Demo6" name="createUser" time="0.004"/>
  <system-out>
    <![CDATA[Create User:Chandra]]>
  </system-out>
  <testcase classname="testNg.Demo6" name="createUser" time="0.003"/>
  <system-out>
    <![CDATA[Create User:Ravi]]>
  </system-out>
  <testcase classname="testNg.Demo6" name="createUser" time="0.003"/>
  <system-out>
    <![CDATA[Create User:Sunitha]]>
  </system-out>
</testsuite> <!-- testNg.Demo6 -->
