<?xml version="1.0" encoding="UTF-8"?>
<!-- Generated by org.testng.reporters.JUnitReportReporter -->
<testsuite hostname="DESKTOP-PS7PC87" failures="0" tests="3" name="testNg.Demo4" time="0.035" errors="0" timestamp="2024-05-27T16:17:40 IST" skipped="0">
  <testcase classname="testNg.Demo4" name="registerUser" time="0.024"/>
  <system-out>
    <![CDATA[Register User]]>
  </system-out>
  <testcase classname="testNg.Demo4" name="editUser" time="0.003"/>
  <system-out>
    <![CDATA[Edit User]]>
  </system-out>
  <testcase classname="testNg.Demo4" name="deleteUser" time="0.008"/>
  <system-out>
    <![CDATA[Delete User]]>
  </system-out>
</testsuite> <!-- testNg.Demo4 -->
